{"numFailedTestSuites":0,"numFailedTests":0,"numPassedTestSuites":1,"numPassedTests":4,"numPendingTestSuites":0,"numPendingTests":0,"numRuntimeErrorTestSuites":0,"numTodoTests":0,"numTotalTestSuites":1,"numTotalTests":4,"openHandles":[],"snapshot":{"added":0,"didUpdate":false,"failure":false,"filesAdded":0,"filesRemoved":0,"filesRemovedList":[],"filesUnmatched":0,"filesUpdated":0,"matched":0,"total":0,"unchecked":0,"uncheckedKeysByFile":[],"unmatched":0,"updated":0},"startTime":1789214863259,"success":true,"testResults":[{"assertionResults":[{"ancestorTitles":["useAgentStore"],"duration":6,"failureDetails":[],"failureMessages":[],"fullName":"useAgentStore should add messages","invocations":1,"location":null,"numPassingAsserts":3,"retryReasons":[],"status":"passed","title":"should add messages"},{"ancestorTitles":["useAgentStore"],"duration":5,"failureDetails":[],"failureMessages":[],"fullName":"useAgentStore should update product details","invocations":1,"location":null,"numPassingAsserts":2,"retryReasons":[],"status":"passed","title":"should update product details"},{"ancestorTitles":["useAgentStore"],"duration":4,"failureDetails":[],"failureMessages":[],"fullName":"useAgentStore should stop and request social account selection before generating when none are selected","invocations":1,"location":null,"numPassingAsserts":2,"retryReasons":[],"status":"passed","title":"should stop and request social account selection before generating when none are selected"},{"ancestorTitles":["useAgentStore"],"duration":3,"failureDetails":[],"failureMessages":[],"fullName":"useAgentStore should generate strategies","invocations":1,"location":null,"numPassingAsserts":3,"retryReasons":[],"status":"passed","title":"should generate strategies"}],"endTime":1789214871190,"message":"","name":"C:\\Users\\LENOVO\\Downloads\\Adroom-mobile\\src\\store\\__tests__\\agentStore.test.ts","startTime":1789214864207,"status":"passed","summary":""}],"wasInterrupted":false}
